-------------------------------------------------------------------------------
Test set: com.docker.DockerSpringApplicationTests
-------------------------------------------------------------------------------
Tests run: 1, Failures: 0, Errors: 1, Skipped: 0, Time elapsed: 11.187 s <<< FAILURE! - in com.docker.DockerSpringApplicationTests
contextLoads  Time elapsed: 0.003 s  <<< ERROR!
java.lang.IllegalStateException: Failed to load ApplicationContext
Caused by: org.springframework.beans.factory.UnsatisfiedDependencyException: Error creating bean with name 'repositorySearchController' defined in URL [jar:file:/C:/Users/Hp/.m2/repository/org/springframework/data/spring-data-rest-webmvc/3.3.2.RELEASE/spring-data-rest-webmvc-3.3.2.RELEASE.jar!/org/springframework/data/rest/webmvc/RepositorySearchController.class]: Unsatisfied dependency expressed through constructor parameter 0; nested exception is org.springframework.beans.factory.BeanCreationException: Error creating bean with name 'pagedResourcesAssembler' defined in class path resource [org/springframework/data/rest/webmvc/config/RepositoryRestMvcConfiguration.class]: Bean instantiation via factory method failed; nested exception is org.springframework.beans.BeanInstantiationException: Failed to instantiate [org.springframework.data.web.PagedResourcesAssembler]: Factory method 'pagedResourcesAssembler' threw exception; nested exception is org.springframework.beans.factory.BeanCreationException: Error creating bean with name 'pageableResolver' defined in class path resource [org/springframework/data/rest/webmvc/config/RepositoryRestMvcConfiguration.class]: Bean instantiation via factory method failed; nested exception is org.springframework.beans.BeanInstantiationException: Failed to instantiate [org.springframework.data.web.PageableHandlerMethodArgumentResolver]: Factory method 'pageableResolver' threw exception; nested exception is org.springframework.beans.factory.BeanCreationException: Error creating bean with name 'sortResolver' defined in class path resource [org/springframework/data/rest/webmvc/config/RepositoryRestMvcConfiguration.class]: Bean instantiation via factory method failed; nested exception is org.springframework.beans.BeanInstantiationException: Failed to instantiate [org.springframework.data.web.SortHandlerMethodArgumentResolver]: Factory method 'sortResolver' threw exception; nested exception is org.springframework.beans.factory.BeanCreationException: Error creating bean with name 'repositoryRestConfiguration' defined in class path resource [org/springframework/data/rest/webmvc/config/RepositoryRestMvcConfiguration.class]: Bean instantiation via factory method failed; nested exception is org.springframework.beans.BeanInstantiationException: Failed to instantiate [org.springframework.data.rest.core.config.RepositoryRestConfiguration]: Factory method 'repositoryRestConfiguration' threw exception; nested exception is org.springframework.beans.factory.BeanCreationException: Error creating bean with name 'repositories' defined in class path resource [org/springframework/data/rest/webmvc/config/RepositoryRestMvcConfiguration.class]: Bean instantiation via factory method failed; nested exception is org.springframework.beans.BeanInstantiationException: Failed to instantiate [org.springframework.data.repository.support.Repositories]: Factory method 'repositories' threw exception; nested exception is org.springframework.beans.factory.BeanCreationException: Error creating bean with name 'usersDao' defined in com.docker.dao.UsersDao defined in @EnableJpaRepositories declared on JpaRepositoriesRegistrar.EnableJpaRepositoriesConfiguration: Cannot resolve reference to bean 'jpaMappingContext' while setting bean property 'mappingContext'; nested exception is org.springframework.beans.factory.BeanCreationException: Error creating bean with name 'jpaMappingContext': Invocation of init method failed; nested exception is javax.persistence.PersistenceException: [PersistenceUnit: default] Unable to build Hibernate SessionFactory; nested exception is org.hibernate.exception.JDBCConnectionException: Unable to open JDBC Connection for DDL execution
Caused by: org.springframework.beans.factory.BeanCreationException: Error creating bean with name 'pagedResourcesAssembler' defined in class path resource [org/springframework/data/rest/webmvc/config/RepositoryRestMvcConfiguration.class]: Bean instantiation via factory method failed; nested exception is org.springframework.beans.BeanInstantiationException: Failed to instantiate [org.springframework.data.web.PagedResourcesAssembler]: Factory method 'pagedResourcesAssembler' threw exception; nested exception is org.springframework.beans.factory.BeanCreationException: Error creating bean with name 'pageableResolver' defined in class path resource [org/springframework/data/rest/webmvc/config/RepositoryRestMvcConfiguration.class]: Bean instantiation via factory method failed; nested exception is org.springframework.beans.BeanInstantiationException: Failed to instantiate [org.springframework.data.web.PageableHandlerMethodArgumentResolver]: Factory method 'pageableResolver' threw exception; nested exception is org.springframework.beans.factory.BeanCreationException: Error creating bean with name 'sortResolver' defined in class path resource [org/springframework/data/rest/webmvc/config/RepositoryRestMvcConfiguration.class]: Bean instantiation via factory method failed; nested exception is org.springframework.beans.BeanInstantiationException: Failed to instantiate [org.springframework.data.web.SortHandlerMethodArgumentResolver]: Factory method 'sortResolver' threw exception; nested exception is org.springframework.beans.factory.BeanCreationException: Error creating bean with name 'repositoryRestConfiguration' defined in class path resource [org/springframework/data/rest/webmvc/config/RepositoryRestMvcConfiguration.class]: Bean instantiation via factory method failed; nested exception is org.springframework.beans.BeanInstantiationException: Failed to instantiate [org.springframework.data.rest.core.config.RepositoryRestConfiguration]: Factory method 'repositoryRestConfiguration' threw exception; nested exception is org.springframework.beans.factory.BeanCreationException: Error creating bean with name 'repositories' defined in class path resource [org/springframework/data/rest/webmvc/config/RepositoryRestMvcConfiguration.class]: Bean instantiation via factory method failed; nested exception is org.springframework.beans.BeanInstantiationException: Failed to instantiate [org.springframework.data.repository.support.Repositories]: Factory method 'repositories' threw exception; nested exception is org.springframework.beans.factory.BeanCreationException: Error creating bean with name 'usersDao' defined in com.docker.dao.UsersDao defined in @EnableJpaRepositories declared on JpaRepositoriesRegistrar.EnableJpaRepositoriesConfiguration: Cannot resolve reference to bean 'jpaMappingContext' while setting bean property 'mappingContext'; nested exception is org.springframework.beans.factory.BeanCreationException: Error creating bean with name 'jpaMappingContext': Invocation of init method failed; nested exception is javax.persistence.PersistenceException: [PersistenceUnit: default] Unable to build Hibernate SessionFactory; nested exception is org.hibernate.exception.JDBCConnectionException: Unable to open JDBC Connection for DDL execution
Caused by: org.springframework.beans.BeanInstantiationException: Failed to instantiate [org.springframework.data.web.PagedResourcesAssembler]: Factory method 'pagedResourcesAssembler' threw exception; nested exception is org.springframework.beans.factory.BeanCreationException: Error creating bean with name 'pageableResolver' defined in class path resource [org/springframework/data/rest/webmvc/config/RepositoryRestMvcConfiguration.class]: Bean instantiation via factory method failed; nested exception is org.springframework.beans.BeanInstantiationException: Failed to instantiate [org.springframework.data.web.PageableHandlerMethodArgumentResolver]: Factory method 'pageableResolver' threw exception; nested exception is org.springframework.beans.factory.BeanCreationException: Error creating bean with name 'sortResolver' defined in class path resource [org/springframework/data/rest/webmvc/config/RepositoryRestMvcConfiguration.class]: Bean instantiation via factory method failed; nested exception is org.springframework.beans.BeanInstantiationException: Failed to instantiate [org.springframework.data.web.SortHandlerMethodArgumentResolver]: Factory method 'sortResolver' threw exception; nested exception is org.springframework.beans.factory.BeanCreationException: Error creating bean with name 'repositoryRestConfiguration' defined in class path resource [org/springframework/data/rest/webmvc/config/RepositoryRestMvcConfiguration.class]: Bean instantiation via factory method failed; nested exception is org.springframework.beans.BeanInstantiationException: Failed to instantiate [org.springframework.data.rest.core.config.RepositoryRestConfiguration]: Factory method 'repositoryRestConfiguration' threw exception; nested exception is org.springframework.beans.factory.BeanCreationException: Error creating bean with name 'repositories' defined in class path resource [org/springframework/data/rest/webmvc/config/RepositoryRestMvcConfiguration.class]: Bean instantiation via factory method failed; nested exception is org.springframework.beans.BeanInstantiationException: Failed to instantiate [org.springframework.data.repository.support.Repositories]: Factory method 'repositories' threw exception; nested exception is org.springframework.beans.factory.BeanCreationException: Error creating bean with name 'usersDao' defined in com.docker.dao.UsersDao defined in @EnableJpaRepositories declared on JpaRepositoriesRegistrar.EnableJpaRepositoriesConfiguration: Cannot resolve reference to bean 'jpaMappingContext' while setting bean property 'mappingContext'; nested exception is org.springframework.beans.factory.BeanCreationException: Error creating bean with name 'jpaMappingContext': Invocation of init method failed; nested exception is javax.persistence.PersistenceException: [PersistenceUnit: default] Unable to build Hibernate SessionFactory; nested exception is org.hibernate.exception.JDBCConnectionException: Unable to open JDBC Connection for DDL execution
Caused by: org.springframework.beans.factory.BeanCreationException: Error creating bean with name 'pageableResolver' defined in class path resource [org/springframework/data/rest/webmvc/config/RepositoryRestMvcConfiguration.class]: Bean instantiation via factory method failed; nested exception is org.springframework.beans.BeanInstantiationException: Failed to instantiate [org.springframework.data.web.PageableHandlerMethodArgumentResolver]: Factory method 'pageableResolver' threw exception; nested exception is org.springframework.beans.factory.BeanCreationException: Error creating bean with name 'sortResolver' defined in class path resource [org/springframework/data/rest/webmvc/config/RepositoryRestMvcConfiguration.class]: Bean instantiation via factory method failed; nested exception is org.springframework.beans.BeanInstantiationException: Failed to instantiate [org.springframework.data.web.SortHandlerMethodArgumentResolver]: Factory method 'sortResolver' threw exception; nested exception is org.springframework.beans.factory.BeanCreationException: Error creating bean with name 'repositoryRestConfiguration' defined in class path resource [org/springframework/data/rest/webmvc/config/RepositoryRestMvcConfiguration.class]: Bean instantiation via factory method failed; nested exception is org.springframework.beans.BeanInstantiationException: Failed to instantiate [org.springframework.data.rest.core.config.RepositoryRestConfiguration]: Factory method 'repositoryRestConfiguration' threw exception; nested exception is org.springframework.beans.factory.BeanCreationException: Error creating bean with name 'repositories' defined in class path resource [org/springframework/data/rest/webmvc/config/RepositoryRestMvcConfiguration.class]: Bean instantiation via factory method failed; nested exception is org.springframework.beans.BeanInstantiationException: Failed to instantiate [org.springframework.data.repository.support.Repositories]: Factory method 'repositories' threw exception; nested exception is org.springframework.beans.factory.BeanCreationException: Error creating bean with name 'usersDao' defined in com.docker.dao.UsersDao defined in @EnableJpaRepositories declared on JpaRepositoriesRegistrar.EnableJpaRepositoriesConfiguration: Cannot resolve reference to bean 'jpaMappingContext' while setting bean property 'mappingContext'; nested exception is org.springframework.beans.factory.BeanCreationException: Error creating bean with name 'jpaMappingContext': Invocation of init method failed; nested exception is javax.persistence.PersistenceException: [PersistenceUnit: default] Unable to build Hibernate SessionFactory; nested exception is org.hibernate.exception.JDBCConnectionException: Unable to open JDBC Connection for DDL execution
Caused by: org.springframework.beans.BeanInstantiationException: Failed to instantiate [org.springframework.data.web.PageableHandlerMethodArgumentResolver]: Factory method 'pageableResolver' threw exception; nested exception is org.springframework.beans.factory.BeanCreationException: Error creating bean with name 'sortResolver' defined in class path resource [org/springframework/data/rest/webmvc/config/RepositoryRestMvcConfiguration.class]: Bean instantiation via factory method failed; nested exception is org.springframework.beans.BeanInstantiationException: Failed to instantiate [org.springframework.data.web.SortHandlerMethodArgumentResolver]: Factory method 'sortResolver' threw exception; nested exception is org.springframework.beans.factory.BeanCreationException: Error creating bean with name 'repositoryRestConfiguration' defined in class path resource [org/springframework/data/rest/webmvc/config/RepositoryRestMvcConfiguration.class]: Bean instantiation via factory method failed; nested exception is org.springframework.beans.BeanInstantiationException: Failed to instantiate [org.springframework.data.rest.core.config.RepositoryRestConfiguration]: Factory method 'repositoryRestConfiguration' threw exception; nested exception is org.springframework.beans.factory.BeanCreationException: Error creating bean with name 'repositories' defined in class path resource [org/springframework/data/rest/webmvc/config/RepositoryRestMvcConfiguration.class]: Bean instantiation via factory method failed; nested exception is org.springframework.beans.BeanInstantiationException: Failed to instantiate [org.springframework.data.repository.support.Repositories]: Factory method 'repositories' threw exception; nested exception is org.springframework.beans.factory.BeanCreationException: Error creating bean with name 'usersDao' defined in com.docker.dao.UsersDao defined in @EnableJpaRepositories declared on JpaRepositoriesRegistrar.EnableJpaRepositoriesConfiguration: Cannot resolve reference to bean 'jpaMappingContext' while setting bean property 'mappingContext'; nested exception is org.springframework.beans.factory.BeanCreationException: Error creating bean with name 'jpaMappingContext': Invocation of init method failed; nested exception is javax.persistence.PersistenceException: [PersistenceUnit: default] Unable to build Hibernate SessionFactory; nested exception is org.hibernate.exception.JDBCConnectionException: Unable to open JDBC Connection for DDL execution
Caused by: org.springframework.beans.factory.BeanCreationException: Error creating bean with name 'sortResolver' defined in class path resource [org/springframework/data/rest/webmvc/config/RepositoryRestMvcConfiguration.class]: Bean instantiation via factory method failed; nested exception is org.springframework.beans.BeanInstantiationException: Failed to instantiate [org.springframework.data.web.SortHandlerMethodArgumentResolver]: Factory method 'sortResolver' threw exception; nested exception is org.springframework.beans.factory.BeanCreationException: Error creating bean with name 'repositoryRestConfiguration' defined in class path resource [org/springframework/data/rest/webmvc/config/RepositoryRestMvcConfiguration.class]: Bean instantiation via factory method failed; nested exception is org.springframework.beans.BeanInstantiationException: Failed to instantiate [org.springframework.data.rest.core.config.RepositoryRestConfiguration]: Factory method 'repositoryRestConfiguration' threw exception; nested exception is org.springframework.beans.factory.BeanCreationException: Error creating bean with name 'repositories' defined in class path resource [org/springframework/data/rest/webmvc/config/RepositoryRestMvcConfiguration.class]: Bean instantiation via factory method failed; nested exception is org.springframework.beans.BeanInstantiationException: Failed to instantiate [org.springframework.data.repository.support.Repositories]: Factory method 'repositories' threw exception; nested exception is org.springframework.beans.factory.BeanCreationException: Error creating bean with name 'usersDao' defined in com.docker.dao.UsersDao defined in @EnableJpaRepositories declared on JpaRepositoriesRegistrar.EnableJpaRepositoriesConfiguration: Cannot resolve reference to bean 'jpaMappingContext' while setting bean property 'mappingContext'; nested exception is org.springframework.beans.factory.BeanCreationException: Error creating bean with name 'jpaMappingContext': Invocation of init method failed; nested exception is javax.persistence.PersistenceException: [PersistenceUnit: default] Unable to build Hibernate SessionFactory; nested exception is org.hibernate.exception.JDBCConnectionException: Unable to open JDBC Connection for DDL execution
Caused by: org.springframework.beans.BeanInstantiationException: Failed to instantiate [org.springframework.data.web.SortHandlerMethodArgumentResolver]: Factory method 'sortResolver' threw exception; nested exception is org.springframework.beans.factory.BeanCreationException: Error creating bean with name 'repositoryRestConfiguration' defined in class path resource [org/springframework/data/rest/webmvc/config/RepositoryRestMvcConfiguration.class]: Bean instantiation via factory method failed; nested exception is org.springframework.beans.BeanInstantiationException: Failed to instantiate [org.springframework.data.rest.core.config.RepositoryRestConfiguration]: Factory method 'repositoryRestConfiguration' threw exception; nested exception is org.springframework.beans.factory.BeanCreationException: Error creating bean with name 'repositories' defined in class path resource [org/springframework/data/rest/webmvc/config/RepositoryRestMvcConfiguration.class]: Bean instantiation via factory method failed; nested exception is org.springframework.beans.BeanInstantiationException: Failed to instantiate [org.springframework.data.repository.support.Repositories]: Factory method 'repositories' threw exception; nested exception is org.springframework.beans.factory.BeanCreationException: Error creating bean with name 'usersDao' defined in com.docker.dao.UsersDao defined in @EnableJpaRepositories declared on JpaRepositoriesRegistrar.EnableJpaRepositoriesConfiguration: Cannot resolve reference to bean 'jpaMappingContext' while setting bean property 'mappingContext'; nested exception is org.springframework.beans.factory.BeanCreationException: Error creating bean with name 'jpaMappingContext': Invocation of init method failed; nested exception is javax.persistence.PersistenceException: [PersistenceUnit: default] Unable to build Hibernate SessionFactory; nested exception is org.hibernate.exception.JDBCConnectionException: Unable to open JDBC Connection for DDL execution
Caused by: org.springframework.beans.factory.BeanCreationException: Error creating bean with name 'repositoryRestConfiguration' defined in class path resource [org/springframework/data/rest/webmvc/config/RepositoryRestMvcConfiguration.class]: Bean instantiation via factory method failed; nested exception is org.springframework.beans.BeanInstantiationException: Failed to instantiate [org.springframework.data.rest.core.config.RepositoryRestConfiguration]: Factory method 'repositoryRestConfiguration' threw exception; nested exception is org.springframework.beans.factory.BeanCreationException: Error creating bean with name 'repositories' defined in class path resource [org/springframework/data/rest/webmvc/config/RepositoryRestMvcConfiguration.class]: Bean instantiation via factory method failed; nested exception is org.springframework.beans.BeanInstantiationException: Failed to instantiate [org.springframework.data.repository.support.Repositories]: Factory method 'repositories' threw exception; nested exception is org.springframework.beans.factory.BeanCreationException: Error creating bean with name 'usersDao' defined in com.docker.dao.UsersDao defined in @EnableJpaRepositories declared on JpaRepositoriesRegistrar.EnableJpaRepositoriesConfiguration: Cannot resolve reference to bean 'jpaMappingContext' while setting bean property 'mappingContext'; nested exception is org.springframework.beans.factory.BeanCreationException: Error creating bean with name 'jpaMappingContext': Invocation of init method failed; nested exception is javax.persistence.PersistenceException: [PersistenceUnit: default] Unable to build Hibernate SessionFactory; nested exception is org.hibernate.exception.JDBCConnectionException: Unable to open JDBC Connection for DDL execution
Caused by: org.springframework.beans.BeanInstantiationException: Failed to instantiate [org.springframework.data.rest.core.config.RepositoryRestConfiguration]: Factory method 'repositoryRestConfiguration' threw exception; nested exception is org.springframework.beans.factory.BeanCreationException: Error creating bean with name 'repositories' defined in class path resource [org/springframework/data/rest/webmvc/config/RepositoryRestMvcConfiguration.class]: Bean instantiation via factory method failed; nested exception is org.springframework.beans.BeanInstantiationException: Failed to instantiate [org.springframework.data.repository.support.Repositories]: Factory method 'repositories' threw exception; nested exception is org.springframework.beans.factory.BeanCreationException: Error creating bean with name 'usersDao' defined in com.docker.dao.UsersDao defined in @EnableJpaRepositories declared on JpaRepositoriesRegistrar.EnableJpaRepositoriesConfiguration: Cannot resolve reference to bean 'jpaMappingContext' while setting bean property 'mappingContext'; nested exception is org.springframework.beans.factory.BeanCreationException: Error creating bean with name 'jpaMappingContext': Invocation of init method failed; nested exception is javax.persistence.PersistenceException: [PersistenceUnit: default] Unable to build Hibernate SessionFactory; nested exception is org.hibernate.exception.JDBCConnectionException: Unable to open JDBC Connection for DDL execution
Caused by: org.springframework.beans.factory.BeanCreationException: Error creating bean with name 'repositories' defined in class path resource [org/springframework/data/rest/webmvc/config/RepositoryRestMvcConfiguration.class]: Bean instantiation via factory method failed; nested exception is org.springframework.beans.BeanInstantiationException: Failed to instantiate [org.springframework.data.repository.support.Repositories]: Factory method 'repositories' threw exception; nested exception is org.springframework.beans.factory.BeanCreationException: Error creating bean with name 'usersDao' defined in com.docker.dao.UsersDao defined in @EnableJpaRepositories declared on JpaRepositoriesRegistrar.EnableJpaRepositoriesConfiguration: Cannot resolve reference to bean 'jpaMappingContext' while setting bean property 'mappingContext'; nested exception is org.springframework.beans.factory.BeanCreationException: Error creating bean with name 'jpaMappingContext': Invocation of init method failed; nested exception is javax.persistence.PersistenceException: [PersistenceUnit: default] Unable to build Hibernate SessionFactory; nested exception is org.hibernate.exception.JDBCConnectionException: Unable to open JDBC Connection for DDL execution
Caused by: org.springframework.beans.BeanInstantiationException: Failed to instantiate [org.springframework.data.repository.support.Repositories]: Factory method 'repositories' threw exception; nested exception is org.springframework.beans.factory.BeanCreationException: Error creating bean with name 'usersDao' defined in com.docker.dao.UsersDao defined in @EnableJpaRepositories declared on JpaRepositoriesRegistrar.EnableJpaRepositoriesConfiguration: Cannot resolve reference to bean 'jpaMappingContext' while setting bean property 'mappingContext'; nested exception is org.springframework.beans.factory.BeanCreationException: Error creating bean with name 'jpaMappingContext': Invocation of init method failed; nested exception is javax.persistence.PersistenceException: [PersistenceUnit: default] Unable to build Hibernate SessionFactory; nested exception is org.hibernate.exception.JDBCConnectionException: Unable to open JDBC Connection for DDL execution
Caused by: org.springframework.beans.factory.BeanCreationException: Error creating bean with name 'usersDao' defined in com.docker.dao.UsersDao defined in @EnableJpaRepositories declared on JpaRepositoriesRegistrar.EnableJpaRepositoriesConfiguration: Cannot resolve reference to bean 'jpaMappingContext' while setting bean property 'mappingContext'; nested exception is org.springframework.beans.factory.BeanCreationException: Error creating bean with name 'jpaMappingContext': Invocation of init method failed; nested exception is javax.persistence.PersistenceException: [PersistenceUnit: default] Unable to build Hibernate SessionFactory; nested exception is org.hibernate.exception.JDBCConnectionException: Unable to open JDBC Connection for DDL execution
Caused by: org.springframework.beans.factory.BeanCreationException: Error creating bean with name 'jpaMappingContext': Invocation of init method failed; nested exception is javax.persistence.PersistenceException: [PersistenceUnit: default] Unable to build Hibernate SessionFactory; nested exception is org.hibernate.exception.JDBCConnectionException: Unable to open JDBC Connection for DDL execution
Caused by: javax.persistence.PersistenceException: [PersistenceUnit: default] Unable to build Hibernate SessionFactory; nested exception is org.hibernate.exception.JDBCConnectionException: Unable to open JDBC Connection for DDL execution
Caused by: org.hibernate.exception.JDBCConnectionException: Unable to open JDBC Connection for DDL execution
Caused by: com.mysql.cj.jdbc.exceptions.CommunicationsException: 
Communications link failure

The last packet sent successfully to the server was 0 milliseconds ago. The driver has not received any packets from the server.
Caused by: com.mysql.cj.exceptions.CJCommunicationsException: 
Communications link failure

The last packet sent successfully to the server was 0 milliseconds ago. The driver has not received any packets from the server.
Caused by: java.net.UnknownHostException: mysql-spring

